2022-11-24T10:08:10.848Z HTTP: Performance: '304 - GET /api/v1/champion - 1258.541 ms
2022-11-24T10:08:11.183Z HTTP: Performance: '304 - GET /api/v1/banner?today=true - 1582.650 ms
2022-11-24T10:09:09.005Z HTTP: Performance: '401 - GET /api/v1/champion - 1425.809 ms
2022-11-24T10:09:09.008Z HTTP: Performance: '401 - GET /api/v1/banner?today=true - 1419.697 ms
2022-11-24T10:09:25.532Z HTTP: Performance: '- - GET /api/v1/champion - - ms
2022-11-24T10:09:36.802Z HTTP: Performance: '- - GET /api/v1/champion - - ms
2022-11-24T10:14:05.451Z HTTP: Performance: '401 - GET /api/v1/champion - 1015.689 ms
2022-11-24T10:14:05.454Z HTTP: Performance: '401 - GET /api/v1/banner?today=true - 1004.529 ms
2022-11-24T10:14:06.745Z HTTP: Performance: '- - GET /api/v1/champion - - ms
2022-11-24T10:14:06.747Z HTTP: Performance: '- - GET /api/v1/champion - - ms
2022-11-24T10:16:33.358Z HTTP: Performance: '- - GET /api/v1/champion - - ms
2022-11-24T10:36:49.605Z HTTP: Performance: '200 - GET /api/v1/champion - 1393.295 ms
2022-11-24T10:36:49.922Z HTTP: Performance: '304 - GET /api/v1/banner?today=true - 1700.770 ms
2022-11-24T11:24:21.197Z HTTP: Performance: '304 - GET /api/v1/banner?today=true - 1305.266 ms
2022-11-24T11:25:10.065Z HTTP: Performance: '200 - GET /api/v1/asm/folders - 5113.265 ms
2022-11-24T12:43:23.189Z HTTP: Performance: '304 - GET /api/v1/champion - 1261.654 ms
2022-11-24T12:43:23.495Z HTTP: Performance: '304 - GET /api/v1/banner?today=true - 1556.113 ms
2022-11-24T12:43:57.002Z HTTP: Performance: '401 - GET /api/v1/champion - 1029.704 ms
2022-11-24T12:43:57.006Z HTTP: Performance: '401 - GET /api/v1/banner?today=true - 1018.081 ms
2022-11-24T12:54:11.898Z HTTP: Performance: '304 - GET /api/v1/champion - 1310.514 ms
2022-11-24T12:54:12.189Z HTTP: Performance: '304 - GET /api/v1/banner?today=true - 1592.481 ms
2022-11-24T12:54:44.385Z HTTP: Performance: '- - GET /api/v1/champion - - ms
2022-11-24T12:54:53.785Z HTTP: Performance: '- - GET /api/v1/champion - - ms
2022-11-24T12:55:02.860Z HTTP: Performance: '- - GET /api/v1/champion - - ms
2022-11-24T13:19:34.166Z HTTP: Performance: '200 - GET /api/v1/champion - 1363.865 ms
2022-11-24T13:19:34.490Z HTTP: Performance: '304 - GET /api/v1/banner?today=true - 1678.851 ms
2022-11-24T13:20:17.359Z HTTP: Performance: '- - GET /api/v1/champion - - ms
2022-11-24T13:37:59.756Z HTTP: Performance: '200 - GET /api/v1/champion - 1051.360 ms
2022-11-24T13:38:00.099Z HTTP: Performance: '304 - GET /api/v1/banner?today=true - 1386.830 ms
2022-11-24T13:42:18.070Z HTTP: Performance: '- - GET /api/v1/champion - - ms
2022-11-24T13:45:22.758Z HTTP: Performance: '- - GET /api/v1/champion - - ms
2022-11-24T14:25:37.083Z HTTP: Performance: '200 - GET /api/v1/champion - 1343.351 ms
2022-11-24T14:25:37.472Z HTTP: Performance: '304 - GET /api/v1/banner?today=true - 1718.534 ms
2022-11-24T14:34:44.364Z HTTP: Performance: '304 - GET /api/v1/banner/secure?&page_no=1 - 1275.112 ms
2022-11-24T14:34:44.368Z HTTP: Performance: '304 - GET /api/v1/champion - 1271.827 ms
2022-11-24T14:35:36.144Z HTTP: Performance: '304 - GET /api/v1/champion - 1128.172 ms
2022-11-24T14:38:55.671Z HTTP: Performance: '304 - GET /api/v1/champion - 1269.153 ms
2022-11-24T14:40:34.715Z HTTP: Performance: '304 - GET /api/v1/champion - 1276.698 ms
2022-11-24T14:44:35.672Z HTTP: Performance: '- - GET /api/v1/champion - - ms
